<?xml version="1.0" encoding="UTF-8"?>
<!-- Generated by org.testng.reporters.JUnitXMLReporter -->
<testsuite hostname="LAPTOP-PSMGHAN6" ignored="0" name="Group of group Test" tests="8" failures="0" timestamp="2021-05-22T01:55:32 SGT" time="86.565" errors="0">
  <testcase name="testcase" time="29.964" classname="com.planit.application.tests.TC001"/>
  <testcase name="testcase" time="5.435" classname="com.planit.application.tests.TC002"/>
  <testcase name="testcase" time="5.75" classname="com.planit.application.tests.TC002"/>
  <testcase name="testcase" time="14.13" classname="com.planit.application.tests.TC002"/>
  <testcase name="testcase" time="4.056" classname="com.planit.application.tests.TC002"/>
  <testcase name="testcase" time="3.146" classname="com.planit.application.tests.TC002"/>
  <testcase name="testcase" time="4.607" classname="com.planit.application.tests.TC003"/>
  <testcase name="testcase" time="6.552" classname="com.planit.application.tests.TC004"/>
</testsuite> <!-- Group of group Test -->
