<?xml version="1.0" encoding="UTF-8"?>
<!-- Generated by org.testng.reporters.JUnitXMLReporter -->
<testsuite hostname="LAPTOP-PSMGHAN6" ignored="0" name="Group of group Test" tests="8" failures="0" timestamp="2021-05-22T00:36:28 SGT" time="74.99" errors="0">
  <testcase name="testcase" time="28.994" classname="com.planit.application.tests.TC001"/>
  <testcase name="testcase" time="7.76" classname="com.planit.application.tests.TC002"/>
  <testcase name="testcase" time="4.75" classname="com.planit.application.tests.TC002"/>
  <testcase name="testcase" time="3.195" classname="com.planit.application.tests.TC002"/>
  <testcase name="testcase" time="4.886" classname="com.planit.application.tests.TC002"/>
  <testcase name="testcase" time="7.453" classname="com.planit.application.tests.TC002"/>
  <testcase name="testcase" time="3.781" classname="com.planit.application.tests.TC003"/>
  <testcase name="testcase" time="5.152" classname="com.planit.application.tests.TC004"/>
</testsuite> <!-- Group of group Test -->
