<?xml version="1.0" encoding="UTF-8"?>
<testsuite xmlns:xsi="http://www.w3.org/2001/XMLSchema-instance" xsi:noNamespaceSchemaLocation="https://maven.apache.org/surefire/maven-surefire-plugin/xsd/surefire-test-report-3.0.xsd" version="3.0" name="TestSuite" time="87.617" tests="8" errors="0" skipped="0" failures="0">
  <properties>
[...]
</properties>
  <testcase name="testcase" classname="com.planit.application.tests.TC001" time="29.994"/>
  <testcase name="testcase" classname="com.planit.application.tests.TC002" time="5.525"/>
  <testcase name="testcase" classname="com.planit.application.tests.TC002" time="5.878"/>
  <testcase name="testcase" classname="com.planit.application.tests.TC002" time="13.935"/>
  <testcase name="testcase" classname="com.planit.application.tests.TC002" time="4.084"/>
  <testcase name="testcase" classname="com.planit.application.tests.TC002" time="3.293"/>
  <testcase name="testcase" classname="com.planit.application.tests.TC003" time="4.908"/>
  <testcase name="testcase" classname="com.planit.application.tests.TC004" time="6.679"/>
</testsuite>